<?xml version="1.0" encoding="UTF-8"?>
<testng-results skipped="0" failed="0" total="1" passed="1">
  <reporter-output>
  </reporter-output>
  <suite name="Suite" duration-ms="51" started-at="2018-05-25T06:16:01Z" finished-at="2018-05-25T06:16:01Z">
    <groups>
    </groups>
    <test name="test" duration-ms="51" started-at="2018-05-25T06:16:01Z" finished-at="2018-05-25T06:16:01Z">
      <class name="Test.Demo1">
        <test-method status="PASS" signature="add()[pri:0, instance:Test.Demo1@8b50ec]" name="add" duration-ms="30" started-at="2018-05-25T11:46:01Z" finished-at="2018-05-25T11:46:01Z">
          <reporter-output>
          </reporter-output>
        </test-method> <!-- add -->
      </class> <!-- Test.Demo1 -->
    </test> <!-- test -->
  </suite> <!-- Suite -->
</testng-results>
