<?xml version="1.0" encoding="UTF-8"?>
<testng-results skipped="0" failed="0" ignored="0" total="1" passed="1">
  <reporter-output>
  </reporter-output>
  <suite name="Default suite" duration-ms="100" started-at="2018-05-25T06:15:42Z" finished-at="2018-05-25T06:15:42Z">
    <groups>
    </groups>
    <test name="Default test" duration-ms="100" started-at="2018-05-25T06:15:42Z" finished-at="2018-05-25T06:15:42Z">
      <class name="Test.Demo1">
        <test-method status="PASS" signature="add()[pri:0, instance:Test.Demo1@1081592]" name="add" duration-ms="27" started-at="2018-05-25T11:45:42Z" finished-at="2018-05-25T11:45:42Z">
          <reporter-output>
          </reporter-output>
        </test-method> <!-- add -->
      </class> <!-- Test.Demo1 -->
    </test> <!-- Default test -->
  </suite> <!-- Default suite -->
</testng-results>
